# JRE version: OpenJDK Runtime Environment Temurin-17.0.13+11 (17.0.13+11) (build 17.0.13+11)
# Java VM: OpenJDK 64-Bit Server VM Temurin-17.0.13+11 (17.0.13+11, mixed mode, tiered, compressed oops, compressed class ptrs, parallel gc, windows-amd64)
GC Precious Log:
 CPUs: 20 total, 20 available
 Memory: 32538M
 Large Page Support: Disabled
 NUMA Support: Disabled
 Compressed Oops: Enabled (32-bit)
 Alignments: Space 512K, Generation 512K, Heap 2M
 Heap Min Capacity: 100M
 Heap Initial Capacity: 100M
 Heap Max Capacity: 1G
 Pre-touch: Disabled
 Parallel Workers: 15
Heap:
 PSYoungGen      total 4096K, used 3840K [0x00000000eab00000, 0x00000000eb100000, 0x0000000100000000)
  eden space 2048K, 100% used [0x00000000eab00000,0x00000000ead00000,0x00000000ead00000)
  from space 2048K, 87% used [0x00000000eaf00000,0x00000000eb0c0000,0x00000000eb100000)
  to   space 2048K, 0% used [0x00000000ead00000,0x00000000ead00000,0x00000000eaf00000)
 ParOldGen       total 196096K, used 195180K [0x00000000c0000000, 0x00000000cbf80000, 0x00000000eab00000)
  object space 196096K, 99% used [0x00000000c0000000,0x00000000cbe9b028,0x00000000cbf80000)
 Metaspace       used 99008K, committed 100416K, reserved 1179648K
  class space    used 9775K, committed 10368K, reserved 1048576K
GC Heap History (20 events):
Event: 3075.289 GC heap after
{Heap after GC invocations=5587 (full 54):
 PSYoungGen      total 2560K, used 1024K [0x00000000eab00000, 0x00000000eb080000, 0x0000000100000000)
  eden space 1536K, 0% used [0x00000000eab00000,0x00000000eab00000,0x00000000eac80000)
  from space 1024K, 100% used [0x00000000ead80000,0x00000000eae80000,0x00000000eae80000)
  to   space 2048K, 0% used [0x00000000eae80000,0x00000000eae80000,0x00000000eb080000)
 ParOldGen       total 196096K, used 185915K [0x00000000c0000000, 0x00000000cbf80000, 0x00000000eab00000)
  object space 196096K, 94% used [0x00000000c0000000,0x00000000cb58ef48,0x00000000cbf80000)
 Metaspace       used 99008K, committed 100416K, reserved 1179648K
  class space    used 9775K, committed 10368K, reserved 1048576K
}
Event: 3075.290 GC heap before
{Heap before GC invocations=5588 (full 54):
 PSYoungGen      total 2560K, used 2560K [0x00000000eab00000, 0x00000000eb080000, 0x0000000100000000)
  eden space 1536K, 100% used [0x00000000eab00000,0x00000000eac80000,0x00000000eac80000)
  from space 1024K, 100% used [0x00000000ead80000,0x00000000eae80000,0x00000000eae80000)
  to   space 2048K, 0% used [0x00000000eae80000,0x00000000eae80000,0x00000000eb080000)
 ParOldGen       total 196096K, used 185915K [0x00000000c0000000, 0x00000000cbf80000, 0x00000000eab00000)
  object space 196096K, 94% used [0x00000000c0000000,0x00000000cb58ef48,0x00000000cbf80000)
 Metaspace       used 99008K, committed 100416K, reserved 1179648K
  class space    used 9775K, committed 10368K, reserved 1048576K
}
Event: 3075.291 GC heap after
{Heap after GC invocations=5588 (full 54):
 PSYoungGen      total 3584K, used 1728K [0x00000000eab00000, 0x00000000eb100000, 0x0000000100000000)
  eden space 1536K, 0% used [0x00000000eab00000,0x00000000eab00000,0x00000000eac80000)
  from space 2048K, 84% used [0x00000000eae80000,0x00000000eb030000,0x00000000eb080000)
  to   space 2048K, 0% used [0x00000000eac80000,0x00000000eac80000,0x00000000eae80000)
 ParOldGen       total 196096K, used 186907K [0x00000000c0000000, 0x00000000cbf80000, 0x00000000eab00000)
  object space 196096K, 95% used [0x00000000c0000000,0x00000000cb686f48,0x00000000cbf80000)
 Metaspace       used 99008K, committed 100416K, reserved 1179648K
  class space    used 9775K, committed 10368K, reserved 1048576K
}
Event: 3075.692 GC heap before
{Heap before GC invocations=5589 (full 54):
 PSYoungGen      total 3584K, used 3264K [0x00000000eab00000, 0x00000000eb100000, 0x0000000100000000)
  eden space 1536K, 100% used [0x00000000eab00000,0x00000000eac80000,0x00000000eac80000)
  from space 2048K, 84% used [0x00000000eae80000,0x00000000eb030000,0x00000000eb080000)
  to   space 2048K, 0% used [0x00000000eac80000,0x00000000eac80000,0x00000000eae80000)
 ParOldGen       total 196096K, used 186907K [0x00000000c0000000, 0x00000000cbf80000, 0x00000000eab00000)
  object space 196096K, 95% used [0x00000000c0000000,0x00000000cb686f48,0x00000000cbf80000)
 Metaspace       used 99008K, committed 100416K, reserved 1179648K
  class space    used 9775K, committed 10368K, reserved 1048576K
}
Event: 3075.694 GC heap after
{Heap after GC invocations=5589 (full 54):
 PSYoungGen      total 3584K, used 1168K [0x00000000eab00000, 0x00000000eb000000, 0x0000000100000000)
  eden space 1536K, 0% used [0x00000000eab00000,0x00000000eab00000,0x00000000eac80000)
  from space 2048K, 57% used [0x00000000eac80000,0x00000000eada4030,0x00000000eae80000)
  to   space 1536K, 0% used [0x00000000eae80000,0x00000000eae80000,0x00000000eb000000)
 ParOldGen       total 196096K, used 188475K [0x00000000c0000000, 0x00000000cbf80000, 0x00000000eab00000)
  object space 196096K, 96% used [0x00000000c0000000,0x00000000cb80ef48,0x00000000cbf80000)
 Metaspace       used 99008K, committed 100416K, reserved 1179648K
  class space    used 9775K, committed 10368K, reserved 1048576K
}
Event: 3075.876 GC heap before
{Heap before GC invocations=5590 (full 54):
 PSYoungGen      total 3584K, used 2704K [0x00000000eab00000, 0x00000000eb000000, 0x0000000100000000)
  eden space 1536K, 99% used [0x00000000eab00000,0x00000000eac7ffe8,0x00000000eac80000)
  from space 2048K, 57% used [0x00000000eac80000,0x00000000eada4030,0x00000000eae80000)
  to   space 1536K, 0% used [0x00000000eae80000,0x00000000eae80000,0x00000000eb000000)
 ParOldGen       total 196096K, used 188475K [0x00000000c0000000, 0x00000000cbf80000, 0x00000000eab00000)
  object space 196096K, 96% used [0x00000000c0000000,0x00000000cb80ef48,0x00000000cbf80000)
 Metaspace       used 99008K, committed 100416K, reserved 1179648K
  class space    used 9775K, committed 10368K, reserved 1048576K
}
Event: 3075.877 GC heap after
{Heap after GC invocations=5590 (full 54):
 PSYoungGen      total 3072K, used 672K [0x00000000eab00000, 0x00000000eaf80000, 0x0000000100000000)
  eden space 2048K, 0% used [0x00000000eab00000,0x00000000eab00000,0x00000000ead00000)
  from space 1024K, 65% used [0x00000000eae80000,0x00000000eaf28020,0x00000000eaf80000)
  to   space 1024K, 0% used [0x00000000ead80000,0x00000000ead80000,0x00000000eae80000)
 ParOldGen       total 196096K, used 189075K [0x00000000c0000000, 0x00000000cbf80000, 0x00000000eab00000)
  object space 196096K, 96% used [0x00000000c0000000,0x00000000cb8a4f48,0x00000000cbf80000)
 Metaspace       used 99008K, committed 100416K, reserved 1179648K
  class space    used 9775K, committed 10368K, reserved 1048576K
}
Event: 3076.081 GC heap before
{Heap before GC invocations=5591 (full 54):
 PSYoungGen      total 3072K, used 2720K [0x00000000eab00000, 0x00000000eaf80000, 0x0000000100000000)
  eden space 2048K, 100% used [0x00000000eab00000,0x00000000ead00000,0x00000000ead00000)
  from space 1024K, 65% used [0x00000000eae80000,0x00000000eaf28020,0x00000000eaf80000)
  to   space 1024K, 0% used [0x00000000ead80000,0x00000000ead80000,0x00000000eae80000)
 ParOldGen       total 196096K, used 189075K [0x00000000c0000000, 0x00000000cbf80000, 0x00000000eab00000)
  object space 196096K, 96% used [0x00000000c0000000,0x00000000cb8a4f48,0x00000000cbf80000)
 Metaspace       used 99008K, committed 100416K, reserved 1179648K
  class space    used 9775K, committed 10368K, reserved 1048576K
}
Event: 3076.081 GC heap after
{Heap after GC invocations=5591 (full 54):
 PSYoungGen      total 3072K, used 848K [0x00000000eab00000, 0x00000000eaf00000, 0x0000000100000000)
  eden space 2048K, 0% used [0x00000000eab00000,0x00000000eab00000,0x00000000ead00000)
  from space 1024K, 82% used [0x00000000ead80000,0x00000000eae54030,0x00000000eae80000)
  to   space 512K, 0% used [0x00000000eae80000,0x00000000eae80000,0x00000000eaf00000)
 ParOldGen       total 196096K, used 189099K [0x00000000c0000000, 0x00000000cbf80000, 0x00000000eab00000)
  object space 196096K, 96% used [0x00000000c0000000,0x00000000cb8aaf48,0x00000000cbf80000)
 Metaspace       used 99008K, committed 100416K, reserved 1179648K
  class space    used 9775K, committed 10368K, reserved 1048576K
}
Event: 3076.778 GC heap before
{Heap before GC invocations=5592 (full 54):
 PSYoungGen      total 3072K, used 2896K [0x00000000eab00000, 0x00000000eaf00000, 0x0000000100000000)
  eden space 2048K, 100% used [0x00000000eab00000,0x00000000ead00000,0x00000000ead00000)
  from space 1024K, 82% used [0x00000000ead80000,0x00000000eae54030,0x00000000eae80000)
  to   space 512K, 0% used [0x00000000eae80000,0x00000000eae80000,0x00000000eaf00000)
 ParOldGen       total 196096K, used 189099K [0x00000000c0000000, 0x00000000cbf80000, 0x00000000eab00000)
  object space 196096K, 96% used [0x00000000c0000000,0x00000000cb8aaf48,0x00000000cbf80000)
 Metaspace       used 99008K, committed 100416K, reserved 1179648K
  class space    used 9775K, committed 10368K, reserved 1048576K
}
Event: 3076.779 GC heap after
{Heap after GC invocations=5592 (full 54):
 PSYoungGen      total 2048K, used 480K [0x00000000eab00000, 0x00000000eb100000, 0x0000000100000000)
  eden space 1536K, 0% used [0x00000000eab00000,0x00000000eab00000,0x00000000eac80000)
  from space 512K, 93% used [0x00000000eae80000,0x00000000eaef8010,0x00000000eaf00000)
  to   space 2048K, 0% used [0x00000000eac80000,0x00000000eac80000,0x00000000eae80000)
 ParOldGen       total 196096K, used 190063K [0x00000000c0000000, 0x00000000cbf80000, 0x00000000eab00000)
  object space 196096K, 96% used [0x00000000c0000000,0x00000000cb99bfd8,0x00000000cbf80000)
 Metaspace       used 99008K, committed 100416K, reserved 1179648K
  class space    used 9775K, committed 10368K, reserved 1048576K
}
Event: 3076.781 GC heap before
{Heap before GC invocations=5593 (full 54):
 PSYoungGen      total 2048K, used 2016K [0x00000000eab00000, 0x00000000eb100000, 0x0000000100000000)
  eden space 1536K, 100% used [0x00000000eab00000,0x00000000eac80000,0x00000000eac80000)
  from space 512K, 93% used [0x00000000eae80000,0x00000000eaef8010,0x00000000eaf00000)
  to   space 2048K, 0% used [0x00000000eac80000,0x00000000eac80000,0x00000000eae80000)
 ParOldGen       total 196096K, used 190063K [0x00000000c0000000, 0x00000000cbf80000, 0x00000000eab00000)
  object space 196096K, 96% used [0x00000000c0000000,0x00000000cb99bfd8,0x00000000cbf80000)
 Metaspace       used 99008K, committed 100416K, reserved 1179648K
  class space    used 9775K, committed 10368K, reserved 1048576K
}
Event: 3076.782 GC heap after
{Heap after GC invocations=5593 (full 54):
 PSYoungGen      total 3584K, used 1696K [0x00000000eab00000, 0x00000000eb080000, 0x0000000100000000)
  eden space 1536K, 0% used [0x00000000eab00000,0x00000000eab00000,0x00000000eac80000)
  from space 2048K, 82% used [0x00000000eac80000,0x00000000eae28000,0x00000000eae80000)
  to   space 2048K, 0% used [0x00000000eae80000,0x00000000eae80000,0x00000000eb080000)
 ParOldGen       total 196096K, used 190506K [0x00000000c0000000, 0x00000000cbf80000, 0x00000000eab00000)
  object space 196096K, 97% used [0x00000000c0000000,0x00000000cba0a8e8,0x00000000cbf80000)
 Metaspace       used 99008K, committed 100416K, reserved 1179648K
  class space    used 9775K, committed 10368K, reserved 1048576K
}
Event: 3076.784 GC heap before
{Heap before GC invocations=5594 (full 54):
 PSYoungGen      total 3584K, used 3232K [0x00000000eab00000, 0x00000000eb080000, 0x0000000100000000)
  eden space 1536K, 100% used [0x00000000eab00000,0x00000000eac80000,0x00000000eac80000)
  from space 2048K, 82% used [0x00000000eac80000,0x00000000eae28000,0x00000000eae80000)
  to   space 2048K, 0% used [0x00000000eae80000,0x00000000eae80000,0x00000000eb080000)
 ParOldGen       total 196096K, used 190506K [0x00000000c0000000, 0x00000000cbf80000, 0x00000000eab00000)
  object space 196096K, 97% used [0x00000000c0000000,0x00000000cba0a8e8,0x00000000cbf80000)
 Metaspace       used 99008K, committed 100416K, reserved 1179648K
  class space    used 9775K, committed 10368K, reserved 1048576K
}
Event: 3076.785 GC heap after
{Heap after GC invocations=5594 (full 54):
 PSYoungGen      total 3584K, used 1696K [0x00000000eab00000, 0x00000000eb100000, 0x0000000100000000)
  eden space 1536K, 0% used [0x00000000eab00000,0x00000000eab00000,0x00000000eac80000)
  from space 2048K, 82% used [0x00000000eae80000,0x00000000eb028000,0x00000000eb080000)
  to   space 2048K, 0% used [0x00000000eac80000,0x00000000eac80000,0x00000000eae80000)
 ParOldGen       total 196096K, used 192074K [0x00000000c0000000, 0x00000000cbf80000, 0x00000000eab00000)
  object space 196096K, 97% used [0x00000000c0000000,0x00000000cbb928e8,0x00000000cbf80000)
 Metaspace       used 99008K, committed 100416K, reserved 1179648K
  class space    used 9775K, committed 10368K, reserved 1048576K
}
Event: 3076.787 GC heap before
{Heap before GC invocations=5595 (full 54):
 PSYoungGen      total 3584K, used 3232K [0x00000000eab00000, 0x00000000eb100000, 0x0000000100000000)
  eden space 1536K, 100% used [0x00000000eab00000,0x00000000eac80000,0x00000000eac80000)
  from space 2048K, 82% used [0x00000000eae80000,0x00000000eb028000,0x00000000eb080000)
  to   space 2048K, 0% used [0x00000000eac80000,0x00000000eac80000,0x00000000eae80000)
 ParOldGen       total 196096K, used 192074K [0x00000000c0000000, 0x00000000cbf80000, 0x00000000eab00000)
  object space 196096K, 97% used [0x00000000c0000000,0x00000000cbb928e8,0x00000000cbf80000)
 Metaspace       used 99008K, committed 100416K, reserved 1179648K
  class space    used 9775K, committed 10368K, reserved 1048576K
}
Event: 3076.788 GC heap after
{Heap after GC invocations=5595 (full 54):
 PSYoungGen      total 3584K, used 1713K [0x00000000eab00000, 0x00000000eb100000, 0x0000000100000000)
  eden space 1536K, 0% used [0x00000000eab00000,0x00000000eab00000,0x00000000eac80000)
  from space 2048K, 83% used [0x00000000eac80000,0x00000000eae2c740,0x00000000eae80000)
  to   space 2048K, 0% used [0x00000000eaf00000,0x00000000eaf00000,0x00000000eb100000)
 ParOldGen       total 196096K, used 193650K [0x00000000c0000000, 0x00000000cbf80000, 0x00000000eab00000)
  object space 196096K, 98% used [0x00000000c0000000,0x00000000cbd1c8e8,0x00000000cbf80000)
 Metaspace       used 99008K, committed 100416K, reserved 1179648K
  class space    used 9775K, committed 10368K, reserved 1048576K
}
Event: 3076.790 GC heap before
{Heap before GC invocations=5596 (full 54):
 PSYoungGen      total 3584K, used 3249K [0x00000000eab00000, 0x00000000eb100000, 0x0000000100000000)
  eden space 1536K, 100% used [0x00000000eab00000,0x00000000eac80000,0x00000000eac80000)
  from space 2048K, 83% used [0x00000000eac80000,0x00000000eae2c740,0x00000000eae80000)
  to   space 2048K, 0% used [0x00000000eaf00000,0x00000000eaf00000,0x00000000eb100000)
 ParOldGen       total 196096K, used 193650K [0x00000000c0000000, 0x00000000cbf80000, 0x00000000eab00000)
  object space 196096K, 98% used [0x00000000c0000000,0x00000000cbd1c8e8,0x00000000cbf80000)
 Metaspace       used 99008K, committed 100416K, reserved 1179648K
  class space    used 9775K, committed 10368K, reserved 1048576K
}
Event: 3076.791 GC heap after
{Heap after GC invocations=5596 (full 54):
 PSYoungGen      total 4096K, used 1792K [0x00000000eab00000, 0x00000000eb100000, 0x0000000100000000)
  eden space 2048K, 0% used [0x00000000eab00000,0x00000000eab00000,0x00000000ead00000)
  from space 2048K, 87% used [0x00000000eaf00000,0x00000000eb0c0000,0x00000000eb100000)
  to   space 2048K, 0% used [0x00000000ead00000,0x00000000ead00000,0x00000000eaf00000)
 ParOldGen       total 196096K, used 195180K [0x00000000c0000000, 0x00000000cbf80000, 0x00000000eab00000)
  object space 196096K, 99% used [0x00000000c0000000,0x00000000cbe9b028,0x00000000cbf80000)
 Metaspace       used 99008K, committed 100416K, reserved 1179648K
  class space    used 9775K, committed 10368K, reserved 1048576K
}
Event: 3076.794 GC heap before
{Heap before GC invocations=5597 (full 55):
 PSYoungGen      total 4096K, used 3840K [0x00000000eab00000, 0x00000000eb100000, 0x0000000100000000)
  eden space 2048K, 100% used [0x00000000eab00000,0x00000000ead00000,0x00000000ead00000)
  from space 2048K, 87% used [0x00000000eaf00000,0x00000000eb0c0000,0x00000000eb100000)
  to   space 2048K, 0% used [0x00000000ead00000,0x00000000ead00000,0x00000000eaf00000)
 ParOldGen       total 196096K, used 195180K [0x00000000c0000000, 0x00000000cbf80000, 0x00000000eab00000)
  object space 196096K, 99% used [0x00000000c0000000,0x00000000cbe9b028,0x00000000cbf80000)
 Metaspace       used 99008K, committed 100416K, reserved 1179648K
  class space    used 9775K, committed 10368K, reserved 1048576K
}

